<?xml version="1.0" encoding="UTF-8"?>
<!-- Generated by org.testng.reporters.JUnitReportReporter -->
<testsuite skipped="0" hostname="DESKTOP-NNGQNDK" name="com.sgtesting.actitime.testsuite.DriverScript" tests="1" failures="0" timestamp="2022-08-11T10:00:27 IST" time="27.423" errors="0">
  <testcase name="feature" time="27.423" classname="com.sgtesting.actitime.testsuite.DriverScript"/>
  <system-out/>
</testsuite> <!-- com.sgtesting.actitime.testsuite.DriverScript -->
