<?xml version="1.0" encoding="UTF-8"?>
<!-- Generated by org.testng.reporters.JUnitReportReporter -->
<testsuite hostname="LAPTOP-2EA63E6G" failures="0" tests="10" name="PageOnWeb.PomQuestion5" time="57.165" errors="0" timestamp="2022-07-31T11:59:18 IST" skipped="0">
  <testcase classname="PageOnWeb.PomQuestion5" name="launchBrowser" time="6.454"/>
  <system-out/>
  <testcase classname="PageOnWeb.PomQuestion5" name="navigate" time="8.073"/>
  <system-out/>
  <testcase classname="PageOnWeb.PomQuestion5" name="login" time="4.530"/>
  <system-out/>
  <testcase classname="PageOnWeb.PomQuestion5" name="minimizeFlyOutWindow" time="4.107"/>
  <system-out/>
  <testcase classname="PageOnWeb.PomQuestion5" name="createCustomerName" time="6.448"/>
  <system-out/>
  <testcase classname="PageOnWeb.PomQuestion5" name="createProject" time="8.580"/>
  <system-out/>
  <testcase classname="PageOnWeb.PomQuestion5" name="deleteProject" time="8.668"/>
  <system-out/>
  <testcase classname="PageOnWeb.PomQuestion5" name="deleteName" time="8.510"/>
  <system-out/>
  <testcase classname="PageOnWeb.PomQuestion5" name="logout" time="1.041"/>
  <system-out/>
  <testcase classname="PageOnWeb.PomQuestion5" name="closeApplication" time="0.754"/>
  <system-out/>
</testsuite> <!-- PageOnWeb.PomQuestion5 -->
