<?xml version="1.0" encoding="UTF-8"?>
<!-- Generated by org.testng.reporters.JUnitReportReporter -->
<testsuite hostname="LAPTOP-2EA63E6G" failures="0" tests="5" name="PageOnWeb.PomQuestion1" time="59.808" errors="0" timestamp="2022-08-04T09:02:30 IST" skipped="0">
  <testcase classname="PageOnWeb.PomQuestion1" name="launchBrowser" time="18.473"/>
  <system-out/>
  <testcase classname="PageOnWeb.PomQuestion1" name="navigate" time="36.353"/>
  <system-out/>
  <testcase classname="PageOnWeb.PomQuestion1" name="login" time="4.657"/>
  <system-out/>
  <testcase classname="PageOnWeb.PomQuestion1" name="minimizeFlyOutWindow" time="0.121"/>
  <system-out/>
  <testcase classname="PageOnWeb.PomQuestion1" name="logout" time="0.204"/>
  <system-out/>
</testsuite> <!-- PageOnWeb.PomQuestion1 -->
