<?xml version="1.0" encoding="UTF-8"?>
<!-- Generated by org.testng.reporters.JUnitReportReporter -->
<testsuite hostname="LAPTOP-2EA63E6G" failures="0" tests="8" name="Testng.TestNgQuestion1" time="57.668" errors="0" timestamp="2022-07-28T15:08:08 IST" skipped="0">
  <testcase classname="Testng.TestNgQuestion1" name="launchBrowser" time="7.000"/>
  <system-out/>
  <testcase classname="Testng.TestNgQuestion1" name="navigate" time="10.975"/>
  <system-out/>
  <testcase classname="Testng.TestNgQuestion1" name="login" time="4.441"/>
  <system-out/>
  <testcase classname="Testng.TestNgQuestion1" name="minimizeFlyOutWindow" time="2.248"/>
  <system-out/>
  <testcase classname="Testng.TestNgQuestion1" name="createUser" time="17.050"/>
  <system-out/>
  <testcase classname="Testng.TestNgQuestion1" name="deleteUser" time="10.340"/>
  <system-out/>
  <testcase classname="Testng.TestNgQuestion1" name="logout" time="4.750"/>
  <system-out/>
  <testcase classname="Testng.TestNgQuestion1" name="closeApplication" time="0.864"/>
  <system-out/>
</testsuite> <!-- Testng.TestNgQuestion1 -->
