<?xml version="1.0" encoding="UTF-8"?>
<!-- Generated by org.testng.reporters.JUnitReportReporter -->
<testsuite hostname="LAPTOP-2EA63E6G" failures="0" tests="8" name="Testng.TestNgQuestion3" time="40.342" errors="0" timestamp="2022-07-28T15:32:56 IST" skipped="0">
  <testcase classname="Testng.TestNgQuestion3" name="launchBrowser" time="6.864"/>
  <system-out/>
  <testcase classname="Testng.TestNgQuestion3" name="navigate" time="5.471"/>
  <system-out/>
  <testcase classname="Testng.TestNgQuestion3" name="login" time="0.698"/>
  <system-out/>
  <testcase classname="Testng.TestNgQuestion3" name="minimizeFlyOutWindow" time="4.704"/>
  <system-out/>
  <testcase classname="Testng.TestNgQuestion3" name="createCustomerName" time="7.798"/>
  <system-out/>
  <testcase classname="Testng.TestNgQuestion3" name="deleteName" time="10.685"/>
  <system-out/>
  <testcase classname="Testng.TestNgQuestion3" name="logOut" time="3.501"/>
  <system-out/>
  <testcase classname="Testng.TestNgQuestion3" name="closeApplication" time="0.621"/>
  <system-out/>
</testsuite> <!-- Testng.TestNgQuestion3 -->
