<?xml version="1.0" encoding="UTF-8"?>
<!-- Generated by org.testng.reporters.JUnitReportReporter -->
<testsuite hostname="LAPTOP-2EA63E6G" failures="0" tests="5" name="Testng.TestNG" time="0.065" errors="0" timestamp="2022-07-27T23:03:46 IST" skipped="0">
  <testcase classname="Testng.TestNG" name="login" time="0.042"/>
  <system-out/>
  <testcase classname="Testng.TestNG" name="Register" time="0.006"/>
  <system-out/>
  <testcase classname="Testng.TestNG" name="validate" time="0.008"/>
  <system-out/>
  <testcase classname="Testng.TestNG" name="Transfer" time="0.002"/>
  <system-out/>
  <testcase classname="Testng.TestNG" name="logout" time="0.007"/>
  <system-out/>
</testsuite> <!-- Testng.TestNG -->
