<?xml version="1.0" encoding="UTF-8"?>
<!-- Generated by org.testng.reporters.JUnitReportReporter -->
<testsuite hostname="LAPTOP-2EA63E6G" failures="0" tests="12" name="PageOnWeb.PomQuestion7" time="81.860" errors="0" timestamp="2022-07-31T12:57:38 IST" skipped="0">
  <testcase classname="PageOnWeb.PomQuestion7" name="launchBrowser" time="6.098"/>
  <system-out/>
  <testcase classname="PageOnWeb.PomQuestion7" name="navigate" time="6.583"/>
  <system-out/>
  <testcase classname="PageOnWeb.PomQuestion7" name="login" time="4.503"/>
  <system-out/>
  <testcase classname="PageOnWeb.PomQuestion7" name="minimizeFlyOutWindow" time="4.147"/>
  <system-out/>
  <testcase classname="PageOnWeb.PomQuestion7" name="createCustomerName" time="6.546"/>
  <system-out/>
  <testcase classname="PageOnWeb.PomQuestion7" name="createProject" time="8.462"/>
  <system-out/>
  <testcase classname="PageOnWeb.PomQuestion7" name="createTask" time="14.631"/>
  <system-out/>
  <testcase classname="PageOnWeb.PomQuestion7" name="DeleteTask" time="12.546"/>
  <system-out/>
  <testcase classname="PageOnWeb.PomQuestion7" name="deleteProject" time="8.501"/>
  <system-out/>
  <testcase classname="PageOnWeb.PomQuestion7" name="deleteName" time="8.454"/>
  <system-out/>
  <testcase classname="PageOnWeb.PomQuestion7" name="logout" time="0.642"/>
  <system-out/>
  <testcase classname="PageOnWeb.PomQuestion7" name="closeApplication" time="0.747"/>
  <system-out/>
</testsuite> <!-- PageOnWeb.PomQuestion7 -->
