<?xml version="1.0" encoding="UTF-8"?>
<!-- Generated by org.testng.reporters.JUnitReportReporter -->
<testsuite hostname="LAPTOP-2EA63E6G" failures="0" tests="11" name="Testng.TestNgQuestion6" time="68.221" errors="0" timestamp="2022-07-28T15:49:50 IST" skipped="0">
  <testcase classname="Testng.TestNgQuestion6" name="launchBrowser" time="5.499"/>
  <system-out/>
  <testcase classname="Testng.TestNgQuestion6" name="navigate" time="3.203"/>
  <system-out/>
  <testcase classname="Testng.TestNgQuestion6" name="login" time="0.744"/>
  <system-out/>
  <testcase classname="Testng.TestNgQuestion6" name="minimizeFlyOutWindow" time="4.698"/>
  <system-out/>
  <testcase classname="Testng.TestNgQuestion6" name="createCustomer" time="20.477"/>
  <system-out/>
  <testcase classname="Testng.TestNgQuestion6" name="createProject" time="11.070"/>
  <system-out/>
  <testcase classname="Testng.TestNgQuestion6" name="modifyProject" time="6.814"/>
  <system-out/>
  <testcase classname="Testng.TestNgQuestion6" name="deleteProject" time="2.293"/>
  <system-out/>
  <testcase classname="Testng.TestNgQuestion6" name="deleteCustomer" time="8.495"/>
  <system-out/>
  <testcase classname="Testng.TestNgQuestion6" name="logout" time="3.962"/>
  <system-out/>
  <testcase classname="Testng.TestNgQuestion6" name="closeApplication" time="0.966"/>
  <system-out/>
</testsuite> <!-- Testng.TestNgQuestion6 -->
