<?xml version="1.0" encoding="UTF-8"?>
<!-- Generated by org.testng.reporters.JUnitReportReporter -->
<testsuite hostname="LAPTOP-2EA63E6G" failures="0" tests="9" name="Testng.TestNgQuestion4" time="61.556" errors="0" timestamp="2022-07-28T15:38:08 IST" skipped="0">
  <testcase classname="Testng.TestNgQuestion4" name="launchBrowser" time="6.814"/>
  <system-out/>
  <testcase classname="Testng.TestNgQuestion4" name="navigate" time="4.946"/>
  <system-out/>
  <testcase classname="Testng.TestNgQuestion4" name="login" time="0.553"/>
  <system-out/>
  <testcase classname="Testng.TestNgQuestion4" name="minimizeFlyOutWindow" time="4.656"/>
  <system-out/>
  <testcase classname="Testng.TestNgQuestion4" name="createCustomer" time="20.524"/>
  <system-out/>
  <testcase classname="Testng.TestNgQuestion4" name="modifyCustomer" time="9.060"/>
  <system-out/>
  <testcase classname="Testng.TestNgQuestion4" name="deleteName" time="10.688"/>
  <system-out/>
  <testcase classname="Testng.TestNgQuestion4" name="logOut" time="3.674"/>
  <system-out/>
  <testcase classname="Testng.TestNgQuestion4" name="closeApplication" time="0.641"/>
  <system-out/>
</testsuite> <!-- Testng.TestNgQuestion4 -->
