<?xml version="1.0" encoding="UTF-8"?>
<!-- Generated by org.testng.reporters.JUnitReportReporter -->
<testsuite hostname="LAPTOP-2EA63E6G" failures="0" tests="10" name="Testng.TestNgQuestion5" time="68.150" errors="0" timestamp="2022-07-28T15:43:40 IST" skipped="0">
  <testcase classname="Testng.TestNgQuestion5" name="launchBrowser" time="5.532"/>
  <system-out/>
  <testcase classname="Testng.TestNgQuestion5" name="navigate" time="4.776"/>
  <system-out/>
  <testcase classname="Testng.TestNgQuestion5" name="login" time="0.715"/>
  <system-out/>
  <testcase classname="Testng.TestNgQuestion5" name="minimizeFlyOutWindow" time="5.191"/>
  <system-out/>
  <testcase classname="Testng.TestNgQuestion5" name="createCustomer" time="19.348"/>
  <system-out/>
  <testcase classname="Testng.TestNgQuestion5" name="createProject" time="11.202"/>
  <system-out/>
  <testcase classname="Testng.TestNgQuestion5" name="deleteProject" time="8.507"/>
  <system-out/>
  <testcase classname="Testng.TestNgQuestion5" name="deleteCustomer" time="8.473"/>
  <system-out/>
  <testcase classname="Testng.TestNgQuestion5" name="logout" time="3.623"/>
  <system-out/>
  <testcase classname="Testng.TestNgQuestion5" name="closeApplication" time="0.783"/>
  <system-out/>
</testsuite> <!-- Testng.TestNgQuestion5 -->
