<?xml version="1.0" encoding="UTF-8"?>
<!-- Generated by org.testng.reporters.JUnitReportReporter -->
<testsuite hostname="LAPTOP-2EA63E6G" failures="0" tests="12" name="Testng.TestNgQuestion7" time="78.941" errors="0" timestamp="2022-07-28T15:55:03 IST" skipped="0">
  <testcase classname="Testng.TestNgQuestion7" name="launchBrowser" time="9.432"/>
  <system-out/>
  <testcase classname="Testng.TestNgQuestion7" name="navigate" time="3.891"/>
  <system-out/>
  <testcase classname="Testng.TestNgQuestion7" name="login" time="3.164"/>
  <system-out/>
  <testcase classname="Testng.TestNgQuestion7" name="minimizeFlyOutWindow" time="2.749"/>
  <system-out/>
  <testcase classname="Testng.TestNgQuestion7" name="createCustomerName" time="6.702"/>
  <system-out/>
  <testcase classname="Testng.TestNgQuestion7" name="createProject" time="11.986"/>
  <system-out/>
  <testcase classname="Testng.TestNgQuestion7" name="createTasks" time="8.825"/>
  <system-out/>
  <testcase classname="Testng.TestNgQuestion7" name="deleteTasks" time="8.494"/>
  <system-out/>
  <testcase classname="Testng.TestNgQuestion7" name="deleteProject" time="8.478"/>
  <system-out/>
  <testcase classname="Testng.TestNgQuestion7" name="deleteCustomer" time="8.511"/>
  <system-out/>
  <testcase classname="Testng.TestNgQuestion7" name="logout" time="4.059"/>
  <system-out/>
  <testcase classname="Testng.TestNgQuestion7" name="closeApplication" time="2.650"/>
  <system-out/>
</testsuite> <!-- Testng.TestNgQuestion7 -->
