<?xml version="1.0" encoding="UTF-8"?>
<!-- Generated by org.testng.reporters.JUnitReportReporter -->
<testsuite hostname="LAPTOP-2EA63E6G" failures="0" tests="11" name="PageOnWeb.PomQuestion6" time="56.207" errors="0" timestamp="2022-07-31T12:27:24 IST" skipped="0">
  <testcase classname="PageOnWeb.PomQuestion6" name="launchBrowser" time="5.693"/>
  <system-out/>
  <testcase classname="PageOnWeb.PomQuestion6" name="navigate" time="8.107"/>
  <system-out/>
  <testcase classname="PageOnWeb.PomQuestion6" name="login" time="4.818"/>
  <system-out/>
  <testcase classname="PageOnWeb.PomQuestion6" name="minimizeFlyOutWindow" time="4.103"/>
  <system-out/>
  <testcase classname="PageOnWeb.PomQuestion6" name="createCustomerName" time="6.388"/>
  <system-out/>
  <testcase classname="PageOnWeb.PomQuestion6" name="createProject" time="8.502"/>
  <system-out/>
  <testcase classname="PageOnWeb.PomQuestion6" name="modifyProject" time="8.393"/>
  <system-out/>
  <testcase classname="PageOnWeb.PomQuestion6" name="deleteProject" time="0.033"/>
  <system-out/>
  <testcase classname="PageOnWeb.PomQuestion6" name="deleteName" time="8.611"/>
  <system-out/>
  <testcase classname="PageOnWeb.PomQuestion6" name="logout" time="0.664"/>
  <system-out/>
  <testcase classname="PageOnWeb.PomQuestion6" name="closeApplication" time="0.895"/>
  <system-out/>
</testsuite> <!-- PageOnWeb.PomQuestion6 -->
