<?xml version="1.0" encoding="UTF-8"?>
<!-- Generated by org.testng.reporters.JUnitReportReporter -->
<testsuite hostname="LAPTOP-2EA63E6G" failures="0" tests="8" name="PageOnWeb.PomQuestion3" time="50.472" errors="0" timestamp="2022-07-30T13:08:27 IST" skipped="0">
  <testcase classname="PageOnWeb.PomQuestion3" name="launchBrowser" time="7.660"/>
  <system-out/>
  <testcase classname="PageOnWeb.PomQuestion3" name="navigate" time="11.339"/>
  <system-out/>
  <testcase classname="PageOnWeb.PomQuestion3" name="login" time="4.697"/>
  <system-out/>
  <testcase classname="PageOnWeb.PomQuestion3" name="minimizeFlyOutWindow" time="4.276"/>
  <system-out/>
  <testcase classname="PageOnWeb.PomQuestion3" name="createCustomerName" time="9.337"/>
  <system-out/>
  <testcase classname="PageOnWeb.PomQuestion3" name="deleteName" time="9.010"/>
  <system-out/>
  <testcase classname="PageOnWeb.PomQuestion3" name="logout" time="1.432"/>
  <system-out/>
  <testcase classname="PageOnWeb.PomQuestion3" name="closeApplication" time="2.721"/>
  <system-out/>
</testsuite> <!-- PageOnWeb.PomQuestion3 -->
