<?xml version="1.0" encoding="UTF-8"?>
<!-- Generated by org.testng.reporters.JUnitReportReporter -->
<testsuite hostname="LAPTOP-2EA63E6G" failures="0" tests="9" name="PageOnWeb.PomQuestion2" time="59.722" errors="0" timestamp="2022-07-29T21:52:34 IST" skipped="0">
  <testcase classname="PageOnWeb.PomQuestion2" name="launchBrowser" time="5.229"/>
  <system-out/>
  <testcase classname="PageOnWeb.PomQuestion2" name="navigate" time="10.579"/>
  <system-out/>
  <testcase classname="PageOnWeb.PomQuestion2" name="login" time="4.495"/>
  <system-out/>
  <testcase classname="PageOnWeb.PomQuestion2" name="minimizeFlyOutWindow" time="4.098"/>
  <system-out/>
  <testcase classname="PageOnWeb.PomQuestion2" name="createUser" time="14.539"/>
  <system-out/>
  <testcase classname="PageOnWeb.PomQuestion2" name="ModifyUser" time="4.824"/>
  <system-out/>
  <testcase classname="PageOnWeb.PomQuestion2" name="deleteUser" time="14.573"/>
  <system-out/>
  <testcase classname="PageOnWeb.PomQuestion2" name="logout" time="0.818"/>
  <system-out/>
  <testcase classname="PageOnWeb.PomQuestion2" name="closeApplication" time="0.567"/>
  <system-out/>
</testsuite> <!-- PageOnWeb.PomQuestion2 -->
