<?xml version="1.0" encoding="UTF-8"?>
<!-- Generated by org.testng.reporters.JUnitReportReporter -->
<testsuite hostname="LAPTOP-2EA63E6G" failures="0" tests="9" name="Testng.TestNgQuestion2" time="53.306" errors="0" timestamp="2022-07-28T15:24:24 IST" skipped="0">
  <testcase classname="Testng.TestNgQuestion2" name="launchBrowser" time="5.822"/>
  <system-out/>
  <testcase classname="Testng.TestNgQuestion2" name="navigate" time="6.652"/>
  <system-out/>
  <testcase classname="Testng.TestNgQuestion2" name="login" time="2.504"/>
  <system-out/>
  <testcase classname="Testng.TestNgQuestion2" name="minimizeFlyOutWindow" time="2.963"/>
  <system-out/>
  <testcase classname="Testng.TestNgQuestion2" name="createUser" time="13.971"/>
  <system-out/>
  <testcase classname="Testng.TestNgQuestion2" name="ModifyUser" time="5.183"/>
  <system-out/>
  <testcase classname="Testng.TestNgQuestion2" name="deleteUser" time="10.321"/>
  <system-out/>
  <testcase classname="Testng.TestNgQuestion2" name="logout" time="4.583"/>
  <system-out/>
  <testcase classname="Testng.TestNgQuestion2" name="closeApplication" time="1.307"/>
  <system-out/>
</testsuite> <!-- Testng.TestNgQuestion2 -->
