<?xml version="1.0" encoding="UTF-8"?>
<!-- Generated by org.testng.reporters.JUnitReportReporter -->
<testsuite hostname="LAPTOP-2EA63E6G" failures="0" tests="9" name="PageOnWeb.PomQuestion4" time="51.529" errors="0" timestamp="2022-07-30T13:25:21 IST" skipped="0">
  <testcase classname="PageOnWeb.PomQuestion4" name="launchBrowser" time="6.743"/>
  <system-out/>
  <testcase classname="PageOnWeb.PomQuestion4" name="navigate" time="9.309"/>
  <system-out/>
  <testcase classname="PageOnWeb.PomQuestion4" name="login" time="4.725"/>
  <system-out/>
  <testcase classname="PageOnWeb.PomQuestion4" name="minimizeFlyOutWindow" time="4.217"/>
  <system-out/>
  <testcase classname="PageOnWeb.PomQuestion4" name="createCustomerName" time="8.284"/>
  <system-out/>
  <testcase classname="PageOnWeb.PomQuestion4" name="modifyCustomer" time="7.013"/>
  <system-out/>
  <testcase classname="PageOnWeb.PomQuestion4" name="deleteName" time="8.857"/>
  <system-out/>
  <testcase classname="PageOnWeb.PomQuestion4" name="logout" time="1.057"/>
  <system-out/>
  <testcase classname="PageOnWeb.PomQuestion4" name="closeApplication" time="1.324"/>
  <system-out/>
</testsuite> <!-- PageOnWeb.PomQuestion4 -->
