<?xml version="1.0" encoding="UTF-8"?>
<!-- Generated by org.testng.reporters.JUnitReportReporter -->
<testsuite hostname="LAPTOP-2EA63E6G" failures="0" tests="6" name="Testng.Question1" time="115.387" errors="0" timestamp="2022-07-28T14:48:48 IST" skipped="0">
  <testcase classname="Testng.Question1" name="launchBrowser" time="28.410"/>
  <system-out/>
  <testcase classname="Testng.Question1" name="navigate" time="24.396"/>
  <system-out/>
  <testcase classname="Testng.Question1" name="login" time="5.216"/>
  <system-out/>
  <testcase classname="Testng.Question1" name="minimizeFlyOutWindow" time="13.879"/>
  <system-out/>
  <testcase classname="Testng.Question1" name="createUser" time="43.427"/>
  <system-out/>
  <testcase classname="Testng.Question1" name="deleteUser" time="0.059"/>
  <system-out/>
</testsuite> <!-- Testng.Question1 -->
